{
  "stats": {
    "suites": 1,
    "tests": 1,
    "passes": 1,
    "pending": 0,
    "failures": 0,
    "start": "2024-10-03T10:18:47.949Z",
    "end": "2024-10-03T10:18:56.721Z",
    "duration": 8772,
    "testsRegistered": 1,
    "passPercent": 100,
    "pendingPercent": 0,
    "other": 0,
    "hasOther": false,
    "skipped": 0,
    "hasSkipped": false
  },
  "results": [
    {
      "uuid": "a99be78a-2c99-47ff-9af3-0e6510ae45d7",
      "title": "",
      "fullFile": "cypress\\e2e\\tests\\loginTest.cy.js",
      "file": "cypress\\e2e\\tests\\loginTest.cy.js",
      "beforeHooks": [],
      "afterHooks": [],
      "tests": [],
      "suites": [
        {
          "uuid": "dc79cc77-1bb8-455e-b124-d93a65310771",
          "title": "Login test suite",
          "fullFile": "",
          "file": "",
          "beforeHooks": [],
          "afterHooks": [],
          "tests": [
            {
              "title": "User login test",
              "fullTitle": "Login test suite User login test",
              "timedOut": null,
              "duration": 8734,
              "state": "passed",
              "speed": "medium",
              "pass": true,
              "fail": false,
              "pending": false,
              "context": null,
              "code": "const loginActionPageLoc = new _loginActionPage.LoginActionPage();\ncy.visit('/');\ncy.title().should('include', 'Rally Starter');\ncy.get('@credentials').then(credentials => {\n  loginActionPageLoc.login(credentials.email, credentials.password);\n});\nloginActionPageLoc.verifyLogoutCTA();\nloginActionPageLoc.verifyCampaignHeading();",
              "err": {},
              "uuid": "970516bb-0b14-46d1-9dfb-a81bd1a210bd",
              "parentUUID": "dc79cc77-1bb8-455e-b124-d93a65310771",
              "isHook": false,
              "skipped": false
            }
          ],
          "suites": [],
          "passes": [
            "970516bb-0b14-46d1-9dfb-a81bd1a210bd"
          ],
          "failures": [],
          "pending": [],
          "skipped": [],
          "duration": 8734,
          "root": false,
          "rootEmpty": false,
          "_timeout": 2000
        }
      ],
      "passes": [],
      "failures": [],
      "pending": [],
      "skipped": [],
      "duration": 0,
      "root": true,
      "rootEmpty": true,
      "_timeout": 2000
    }
  ],
  "meta": {
    "mocha": {
      "version": "7.0.1"
    },
    "mochawesome": {
      "options": {
        "quiet": false,
        "reportFilename": "mochawesome",
        "saveHtml": true,
        "saveJson": true,
        "consoleReporter": "spec",
        "useInlineDiffs": false,
        "code": true
      },
      "version": "7.1.3"
    },
    "marge": {
      "options": {
        "reportDir": "cypress/reports",
        "overwrite": false,
        "html": true,
        "json": true
      },
      "version": "6.2.0"
    }
  }
}